[2013-09-02 15:05:57.250] [INFO] crash-log - [32m[C:\Users\User\five\game-server\node_modules\pomelo\lib\master\master.js] [39m[gate],[gate-server],[1378105557250],[disconnect]
[2013-09-02 15:05:57.258] [INFO] crash-log - [32m[C:\Users\User\five\game-server\node_modules\pomelo\lib\master\master.js] [39m[chess],[chess-server],[1378105557258],[disconnect]
[2013-09-02 15:05:57.267] [INFO] crash-log - [32m[C:\Users\User\five\game-server\node_modules\pomelo\lib\master\master.js] [39m[connector],[connector-server],[1378105557267],[disconnect]
[2013-09-26 16:52:43.259] [INFO] crash-log - [32m[/root/leto_software/five/game-server/node_modules/pomelo/lib/master/master.js] [39m[master],[master-server-1],[1380185563259],[disconnect]
[2013-10-21 10:01:47.127] [INFO] crash-log - [32m[/root/leto_software/five/game-server/node_modules/pomelo/lib/master/master.js] [39m[gate],[gate-server],[1382320907127],[disconnect]
[2013-10-21 10:01:47.128] [INFO] crash-log - [32m[/root/leto_software/five/game-server/node_modules/pomelo/lib/master/master.js] [39m[chess],[chess-server],[1382320907128],[disconnect]
[2013-10-21 10:01:47.129] [INFO] crash-log - [32m[/root/leto_software/five/game-server/node_modules/pomelo/lib/master/master.js] [39m[master],[master-server-1],[1382320907129],[disconnect]
[2013-10-21 10:01:47.129] [INFO] crash-log - [32m[/root/leto_software/five/game-server/node_modules/pomelo/lib/master/master.js] [39m[connector],[connector-server],[1382320907129],[disconnect]
[2013-10-24 10:52:02.387] [INFO] crash-log - [32m[/root/leto_software/five/game-server/node_modules/pomelo/lib/master/master.js] [39m[gate],[gate-server],[1382583122387],[disconnect]
[2013-10-24 10:52:02.388] [INFO] crash-log - [32m[/root/leto_software/five/game-server/node_modules/pomelo/lib/master/master.js] [39m[master],[master-server-1],[1382583122388],[disconnect]
[2013-10-24 10:52:02.389] [INFO] crash-log - [32m[/root/leto_software/five/game-server/node_modules/pomelo/lib/master/master.js] [39m[chess],[chess-server],[1382583122389],[disconnect]
[2013-10-24 10:52:02.390] [INFO] crash-log - [32m[/root/leto_software/five/game-server/node_modules/pomelo/lib/master/master.js] [39m[connector],[connector-server],[1382583122389],[disconnect]
[1970-01-04 08:20:47.282] [INFO] crash-log - [32m[/root/leto_software/five/game-server/node_modules/pomelo/lib/master/master.js] [39m[gate],[gate-server],[260447282],[disconnect]
[1970-01-04 08:20:47.451] [INFO] crash-log - [32m[/root/leto_software/five/game-server/node_modules/pomelo/lib/master/master.js] [39m[master],[master-server-1],[260447443],[disconnect]
[1970-01-04 08:20:47.507] [INFO] crash-log - [32m[/root/leto_software/five/game-server/node_modules/pomelo/lib/master/master.js] [39m[connector],[connector-server],[260447507],[disconnect]
[1970-01-04 08:20:47.557] [INFO] crash-log - [32m[/root/leto_software/five/game-server/node_modules/pomelo/lib/master/master.js] [39m[chess],[chess-server],[260447557],[disconnect]
[1970-01-01 08:27:46.534] [INFO] crash-log - [32m[/root/leto_software/five/game-server/node_modules/pomelo/lib/master/master.js] [39m[gate],[gate-server],[1652180],[disconnect]
[1970-01-01 08:28:22.095] [INFO] crash-log - [32m[/root/leto_software/five/game-server/node_modules/pomelo/lib/master/master.js] [39m[chess],[chess-server],[1702095],[disconnect]
[1970-01-01 08:28:22.152] [INFO] crash-log - [32m[/root/leto_software/five/game-server/node_modules/pomelo/lib/master/master.js] [39m[master],[master-server-1],[1702150],[disconnect]
[1970-01-01 08:28:22.396] [INFO] crash-log - [32m[/root/leto_software/five/game-server/node_modules/pomelo/lib/master/master.js] [39m[connector],[connector-server],[1702396],[disconnect]
[1970-01-01 08:11:43.116] [INFO] crash-log - [32m[/root/leto_software/five/game-server/node_modules/pomelo/lib/master/master.js] [39m[chess],[chess-server],[703116],[disconnect]
[1970-01-01 10:46:49.544] [INFO] crash-log - [32m[/root/leto_software/five/game-server/node_modules/pomelo/lib/master/master.js] [39m[gate],[gate-server],[10009542],[disconnect]
[1970-01-01 10:46:49.799] [INFO] crash-log - [32m[/root/leto_software/five/game-server/node_modules/pomelo/lib/master/master.js] [39m[connector],[connector-server],[10009798],[disconnect]
[1970-01-01 10:46:49.820] [INFO] crash-log - [32m[/root/leto_software/five/game-server/node_modules/pomelo/lib/master/master.js] [39m[master],[master-server-1],[10009820],[disconnect]
[1970-01-01 10:57:56.813] [INFO] crash-log - [32m[/root/leto_software/five/game-server/node_modules/pomelo/lib/master/master.js] [39m[master],[master-server-1],[10676812],[disconnect]
[1970-01-01 10:57:56.937] [INFO] crash-log - [32m[/root/leto_software/five/game-server/node_modules/pomelo/lib/master/master.js] [39m[chess],[chess-server],[10676937],[disconnect]
[1970-01-01 10:57:57.477] [INFO] crash-log - [32m[/root/leto_software/five/game-server/node_modules/pomelo/lib/master/master.js] [39m[connector],[connector-server],[10677475],[disconnect]
